This is pdfTeX, Version 3.14159265-2.6-1.40.16 (TeX Live 2015/Debian) (preloaded format=pdflatex 2017.8.27)  5 SEP 2017 23:21
entering extended mode
 restricted \write18 enabled.
 %&-line parsing enabled.
**dokument.tex
(./dokument.tex
LaTeX2e <2016/02/01>
Babel <3.9q> and hyphenation patterns for 81 language(s) loaded.
(/usr/share/texlive/texmf-dist/tex/latex/base/article.cls
Document Class: article 2014/09/29 v1.4h Standard LaTeX document class
(/usr/share/texlive/texmf-dist/tex/latex/base/size12.clo
File: size12.clo 2014/09/29 v1.4h Standard LaTeX file (size option)
)
\c@part=\count79
\c@section=\count80
\c@subsection=\count81
\c@subsubsection=\count82
\c@paragraph=\count83
\c@subparagraph=\count84
\c@figure=\count85
\c@table=\count86
\abovecaptionskip=\skip41
\belowcaptionskip=\skip42
\bibindent=\dimen102
)
(/usr/share/texlive/texmf-dist/tex/latex/graphics/graphicx.sty
Package: graphicx 2014/10/28 v1.0g Enhanced LaTeX Graphics (DPC,SPQR)

(/usr/share/texlive/texmf-dist/tex/latex/graphics/keyval.sty
Package: keyval 2014/10/28 v1.15 key=value parser (DPC)
\KV@toks@=\toks14
)
(/usr/share/texlive/texmf-dist/tex/latex/graphics/graphics.sty
Package: graphics 2016/01/03 v1.0q Standard LaTeX Graphics (DPC,SPQR)

(/usr/share/texlive/texmf-dist/tex/latex/graphics/trig.sty
Package: trig 2016/01/03 v1.10 sin cos tan (DPC)
)
(/usr/share/texlive/texmf-dist/tex/latex/latexconfig/graphics.cfg
File: graphics.cfg 2010/04/23 v1.9 graphics configuration of TeX Live
)
Package graphics Info: Driver file: pdftex.def on input line 95.

(/usr/share/texlive/texmf-dist/tex/latex/pdftex-def/pdftex.def
File: pdftex.def 2011/05/27 v0.06d Graphics/color for pdfTeX

(/usr/share/texlive/texmf-dist/tex/generic/oberdiek/infwarerr.sty
Package: infwarerr 2010/04/08 v1.3 Providing info/warning/error messages (HO)
)
(/usr/share/texlive/texmf-dist/tex/generic/oberdiek/ltxcmds.sty
Package: ltxcmds 2011/11/09 v1.22 LaTeX kernel commands for general use (HO)
)
\Gread@gobject=\count87
))
\Gin@req@height=\dimen103
\Gin@req@width=\dimen104
)
(/usr/share/texlive/texmf-dist/tex/latex/polski/polski.sty
Package: polski 2008/02/24 v1.3.3 Polish language package

Document language package `polski' v1.3.3 <2008/02/24>
   Switching to Polish text encoding and Polish maths fonts.
(/usr/share/texlive/texmf-dist/tex/latex/base/ot4enc.def
File: ot4enc.def 2005/09/27 v1.99g Standard LaTeX file
)
LaTeX Font Info:    Try loading font information for OT4+cmr on input line 346.


(/usr/share/texlive/texmf-dist/tex/latex/polski/ot4cmr.fd
File: ot4cmr.fd 2008/02/24 v1.2.1 Font defs for fonts PL (MW)
)
LaTeX Font Info:    Overwriting math alphabet `\mathbf' in version `normal'
(Font)                  OT1/cmr/bx/n --> OT4/cmr/bx/n on input line 346.
LaTeX Font Info:    Overwriting math alphabet `\mathsf' in version `normal'
(Font)                  OT1/cmss/m/n --> OT4/cmss/m/n on input line 346.
LaTeX Font Info:    Overwriting math alphabet `\mathit' in version `normal'
(Font)                  OT1/cmr/m/it --> OT4/cmr/m/it on input line 346.
LaTeX Font Info:    Overwriting math alphabet `\mathtt' in version `normal'
(Font)                  OT1/cmtt/m/n --> OT4/cmtt/m/n on input line 346.
LaTeX Font Info:    Overwriting math alphabet `\mathsf' in version `bold'
(Font)                  OT1/cmss/bx/n --> OT4/cmss/bx/n on input line 346.
LaTeX Font Info:    Overwriting math alphabet `\mathit' in version `bold'
(Font)                  OT1/cmr/bx/it --> OT4/cmr/bx/it on input line 346.
LaTeX Font Info:    Encoding `OT1' has changed to `OT4' for symbol font
(Font)              `operators' in the math version `normal' on input line 346.

LaTeX Font Info:    Overwriting symbol font `operators' in version `normal'
(Font)                  OT1/cmr/m/n --> OT4/cmr/m/n on input line 346.
LaTeX Font Info:    Overwriting symbol font `letters' in version `normal'
(Font)                  OML/cmm/m/it --> OML/plm/m/it on input line 346.
LaTeX Font Info:    Overwriting symbol font `symbols' in version `normal'
(Font)                  OMS/cmsy/m/n --> OMS/plsy/m/n on input line 346.
LaTeX Font Info:    Overwriting symbol font `largesymbols' in version `normal'
(Font)                  OMX/cmex/m/n --> OMX/plex/m/n on input line 346.
LaTeX Font Info:    Encoding `OT1' has changed to `OT4' for symbol font
(Font)              `operators' in the math version `bold' on input line 346.
LaTeX Font Info:    Overwriting symbol font `operators' in version `bold'
(Font)                  OT1/cmr/bx/n --> OT4/cmr/bx/n on input line 346.
LaTeX Font Info:    Overwriting symbol font `letters' in version `bold'
(Font)                  OML/cmm/b/it --> OML/plm/b/it on input line 346.
LaTeX Font Info:    Overwriting symbol font `symbols' in version `bold'
(Font)                  OMS/cmsy/b/n --> OMS/plsy/b/n on input line 346.
)
(/usr/share/texlive/texmf-dist/tex/latex/base/inputenc.sty
Package: inputenc 2015/03/17 v1.2c Input encoding file
\inpenc@prehook=\toks15
\inpenc@posthook=\toks16

(/usr/share/texlive/texmf-dist/tex/latex/base/utf8.def
File: utf8.def 2015/12/03 v1.1r UTF-8 support for inputenc
Now handling font encoding OML ...
... no UTF-8 mapping file for font encoding OML
Now handling font encoding T1 ...
... processing UTF-8 mapping file for font encoding T1

(/usr/share/texlive/texmf-dist/tex/latex/base/t1enc.dfu
File: t1enc.dfu 2015/12/03 v1.1r UTF-8 support for inputenc
   defining Unicode char U+00A0 (decimal 160)
   defining Unicode char U+00A1 (decimal 161)
   defining Unicode char U+00A3 (decimal 163)
   defining Unicode char U+00AB (decimal 171)
   defining Unicode char U+00AD (decimal 173)
   defining Unicode char U+00BB (decimal 187)
   defining Unicode char U+00BF (decimal 191)
   defining Unicode char U+00C0 (decimal 192)
   defining Unicode char U+00C1 (decimal 193)
   defining Unicode char U+00C2 (decimal 194)
   defining Unicode char U+00C3 (decimal 195)
   defining Unicode char U+00C4 (decimal 196)
   defining Unicode char U+00C5 (decimal 197)
   defining Unicode char U+00C6 (decimal 198)
   defining Unicode char U+00C7 (decimal 199)
   defining Unicode char U+00C8 (decimal 200)
   defining Unicode char U+00C9 (decimal 201)
   defining Unicode char U+00CA (decimal 202)
   defining Unicode char U+00CB (decimal 203)
   defining Unicode char U+00CC (decimal 204)
   defining Unicode char U+00CD (decimal 205)
   defining Unicode char U+00CE (decimal 206)
   defining Unicode char U+00CF (decimal 207)
   defining Unicode char U+00D0 (decimal 208)
   defining Unicode char U+00D1 (decimal 209)
   defining Unicode char U+00D2 (decimal 210)
   defining Unicode char U+00D3 (decimal 211)
   defining Unicode char U+00D4 (decimal 212)
   defining Unicode char U+00D5 (decimal 213)
   defining Unicode char U+00D6 (decimal 214)
   defining Unicode char U+00D8 (decimal 216)
   defining Unicode char U+00D9 (decimal 217)
   defining Unicode char U+00DA (decimal 218)
   defining Unicode char U+00DB (decimal 219)
   defining Unicode char U+00DC (decimal 220)
   defining Unicode char U+00DD (decimal 221)
   defining Unicode char U+00DE (decimal 222)
   defining Unicode char U+00DF (decimal 223)
   defining Unicode char U+00E0 (decimal 224)
   defining Unicode char U+00E1 (decimal 225)
   defining Unicode char U+00E2 (decimal 226)
   defining Unicode char U+00E3 (decimal 227)
   defining Unicode char U+00E4 (decimal 228)
   defining Unicode char U+00E5 (decimal 229)
   defining Unicode char U+00E6 (decimal 230)
   defining Unicode char U+00E7 (decimal 231)
   defining Unicode char U+00E8 (decimal 232)
   defining Unicode char U+00E9 (decimal 233)
   defining Unicode char U+00EA (decimal 234)
   defining Unicode char U+00EB (decimal 235)
   defining Unicode char U+00EC (decimal 236)
   defining Unicode char U+00ED (decimal 237)
   defining Unicode char U+00EE (decimal 238)
   defining Unicode char U+00EF (decimal 239)
   defining Unicode char U+00F0 (decimal 240)
   defining Unicode char U+00F1 (decimal 241)
   defining Unicode char U+00F2 (decimal 242)
   defining Unicode char U+00F3 (decimal 243)
   defining Unicode char U+00F4 (decimal 244)
   defining Unicode char U+00F5 (decimal 245)
   defining Unicode char U+00F6 (decimal 246)
   defining Unicode char U+00F8 (decimal 248)
   defining Unicode char U+00F9 (decimal 249)
   defining Unicode char U+00FA (decimal 250)
   defining Unicode char U+00FB (decimal 251)
   defining Unicode char U+00FC (decimal 252)
   defining Unicode char U+00FD (decimal 253)
   defining Unicode char U+00FE (decimal 254)
   defining Unicode char U+00FF (decimal 255)
   defining Unicode char U+0100 (decimal 256)
   defining Unicode char U+0101 (decimal 257)
   defining Unicode char U+0102 (decimal 258)
   defining Unicode char U+0103 (decimal 259)
   defining Unicode char U+0104 (decimal 260)
   defining Unicode char U+0105 (decimal 261)
   defining Unicode char U+0106 (decimal 262)
   defining Unicode char U+0107 (decimal 263)
   defining Unicode char U+0108 (decimal 264)
   defining Unicode char U+0109 (decimal 265)
   defining Unicode char U+010A (decimal 266)
   defining Unicode char U+010B (decimal 267)
   defining Unicode char U+010C (decimal 268)
   defining Unicode char U+010D (decimal 269)
   defining Unicode char U+010E (decimal 270)
   defining Unicode char U+010F (decimal 271)
   defining Unicode char U+0110 (decimal 272)
   defining Unicode char U+0111 (decimal 273)
   defining Unicode char U+0112 (decimal 274)
   defining Unicode char U+0113 (decimal 275)
   defining Unicode char U+0114 (decimal 276)
   defining Unicode char U+0115 (decimal 277)
   defining Unicode char U+0116 (decimal 278)
   defining Unicode char U+0117 (decimal 279)
   defining Unicode char U+0118 (decimal 280)
   defining Unicode char U+0119 (decimal 281)
   defining Unicode char U+011A (decimal 282)
   defining Unicode char U+011B (decimal 283)
   defining Unicode char U+011C (decimal 284)
   defining Unicode char U+011D (decimal 285)
   defining Unicode char U+011E (decimal 286)
   defining Unicode char U+011F (decimal 287)
   defining Unicode char U+0120 (decimal 288)
   defining Unicode char U+0121 (decimal 289)
   defining Unicode char U+0122 (decimal 290)
   defining Unicode char U+0123 (decimal 291)
   defining Unicode char U+0124 (decimal 292)
   defining Unicode char U+0125 (decimal 293)
   defining Unicode char U+0128 (decimal 296)
   defining Unicode char U+0129 (decimal 297)
   defining Unicode char U+012A (decimal 298)
   defining Unicode char U+012B (decimal 299)
   defining Unicode char U+012C (decimal 300)
   defining Unicode char U+012D (decimal 301)
   defining Unicode char U+012E (decimal 302)
   defining Unicode char U+012F (decimal 303)
   defining Unicode char U+0130 (decimal 304)
   defining Unicode char U+0131 (decimal 305)
   defining Unicode char U+0132 (decimal 306)
   defining Unicode char U+0133 (decimal 307)
   defining Unicode char U+0134 (decimal 308)
   defining Unicode char U+0135 (decimal 309)
   defining Unicode char U+0136 (decimal 310)
   defining Unicode char U+0137 (decimal 311)
   defining Unicode char U+0139 (decimal 313)
   defining Unicode char U+013A (decimal 314)
   defining Unicode char U+013B (decimal 315)
   defining Unicode char U+013C (decimal 316)
   defining Unicode char U+013D (decimal 317)
   defining Unicode char U+013E (decimal 318)
   defining Unicode char U+0141 (decimal 321)
   defining Unicode char U+0142 (decimal 322)
   defining Unicode char U+0143 (decimal 323)
   defining Unicode char U+0144 (decimal 324)
   defining Unicode char U+0145 (decimal 325)
   defining Unicode char U+0146 (decimal 326)
   defining Unicode char U+0147 (decimal 327)
   defining Unicode char U+0148 (decimal 328)
   defining Unicode char U+014A (decimal 330)
   defining Unicode char U+014B (decimal 331)
   defining Unicode char U+014C (decimal 332)
   defining Unicode char U+014D (decimal 333)
   defining Unicode char U+014E (decimal 334)
   defining Unicode char U+014F (decimal 335)
   defining Unicode char U+0150 (decimal 336)
   defining Unicode char U+0151 (decimal 337)
   defining Unicode char U+0152 (decimal 338)
   defining Unicode char U+0153 (decimal 339)
   defining Unicode char U+0154 (decimal 340)
   defining Unicode char U+0155 (decimal 341)
   defining Unicode char U+0156 (decimal 342)
   defining Unicode char U+0157 (decimal 343)
   defining Unicode char U+0158 (decimal 344)
   defining Unicode char U+0159 (decimal 345)
   defining Unicode char U+015A (decimal 346)
   defining Unicode char U+015B (decimal 347)
   defining Unicode char U+015C (decimal 348)
   defining Unicode char U+015D (decimal 349)
   defining Unicode char U+015E (decimal 350)
   defining Unicode char U+015F (decimal 351)
   defining Unicode char U+0160 (decimal 352)
   defining Unicode char U+0161 (decimal 353)
   defining Unicode char U+0162 (decimal 354)
   defining Unicode char U+0163 (decimal 355)
   defining Unicode char U+0164 (decimal 356)
   defining Unicode char U+0165 (decimal 357)
   defining Unicode char U+0168 (decimal 360)
   defining Unicode char U+0169 (decimal 361)
   defining Unicode char U+016A (decimal 362)
   defining Unicode char U+016B (decimal 363)
   defining Unicode char U+016C (decimal 364)
   defining Unicode char U+016D (decimal 365)
   defining Unicode char U+016E (decimal 366)
   defining Unicode char U+016F (decimal 367)
   defining Unicode char U+0170 (decimal 368)
   defining Unicode char U+0171 (decimal 369)
   defining Unicode char U+0172 (decimal 370)
   defining Unicode char U+0173 (decimal 371)
   defining Unicode char U+0174 (decimal 372)
   defining Unicode char U+0175 (decimal 373)
   defining Unicode char U+0176 (decimal 374)
   defining Unicode char U+0177 (decimal 375)
   defining Unicode char U+0178 (decimal 376)
   defining Unicode char U+0179 (decimal 377)
   defining Unicode char U+017A (decimal 378)
   defining Unicode char U+017B (decimal 379)
   defining Unicode char U+017C (decimal 380)
   defining Unicode char U+017D (decimal 381)
   defining Unicode char U+017E (decimal 382)
   defining Unicode char U+01CD (decimal 461)
   defining Unicode char U+01CE (decimal 462)
   defining Unicode char U+01CF (decimal 463)
   defining Unicode char U+01D0 (decimal 464)
   defining Unicode char U+01D1 (decimal 465)
   defining Unicode char U+01D2 (decimal 466)
   defining Unicode char U+01D3 (decimal 467)
   defining Unicode char U+01D4 (decimal 468)
   defining Unicode char U+01E2 (decimal 482)
   defining Unicode char U+01E3 (decimal 483)
   defining Unicode char U+01E6 (decimal 486)
   defining Unicode char U+01E7 (decimal 487)
   defining Unicode char U+01E8 (decimal 488)
   defining Unicode char U+01E9 (decimal 489)
   defining Unicode char U+01EA (decimal 490)
   defining Unicode char U+01EB (decimal 491)
   defining Unicode char U+01F0 (decimal 496)
   defining Unicode char U+01F4 (decimal 500)
   defining Unicode char U+01F5 (decimal 501)
   defining Unicode char U+0218 (decimal 536)
   defining Unicode char U+0219 (decimal 537)
   defining Unicode char U+021A (decimal 538)
   defining Unicode char U+021B (decimal 539)
   defining Unicode char U+01E02 (decimal 7682)
   defining Unicode char U+01E03 (decimal 7683)
   defining Unicode char U+200C (decimal 8204)
   defining Unicode char U+2013 (decimal 8211)
   defining Unicode char U+2014 (decimal 8212)
   defining Unicode char U+2018 (decimal 8216)
   defining Unicode char U+2019 (decimal 8217)
   defining Unicode char U+201A (decimal 8218)
   defining Unicode char U+201C (decimal 8220)
   defining Unicode char U+201D (decimal 8221)
   defining Unicode char U+201E (decimal 8222)
   defining Unicode char U+2030 (decimal 8240)
   defining Unicode char U+2031 (decimal 8241)
   defining Unicode char U+2039 (decimal 8249)
   defining Unicode char U+203A (decimal 8250)
   defining Unicode char U+2423 (decimal 9251)
)
Now handling font encoding OT1 ...
... processing UTF-8 mapping file for font encoding OT1

(/usr/share/texlive/texmf-dist/tex/latex/base/ot1enc.dfu
File: ot1enc.dfu 2015/12/03 v1.1r UTF-8 support for inputenc
   defining Unicode char U+00A0 (decimal 160)
   defining Unicode char U+00A1 (decimal 161)
   defining Unicode char U+00A3 (decimal 163)
   defining Unicode char U+00AD (decimal 173)
   defining Unicode char U+00B8 (decimal 184)
   defining Unicode char U+00BF (decimal 191)
   defining Unicode char U+00C5 (decimal 197)
   defining Unicode char U+00C6 (decimal 198)
   defining Unicode char U+00D8 (decimal 216)
   defining Unicode char U+00DF (decimal 223)
   defining Unicode char U+00E6 (decimal 230)
   defining Unicode char U+00EC (decimal 236)
   defining Unicode char U+00ED (decimal 237)
   defining Unicode char U+00EE (decimal 238)
   defining Unicode char U+00EF (decimal 239)
   defining Unicode char U+00F8 (decimal 248)
   defining Unicode char U+0131 (decimal 305)
   defining Unicode char U+0141 (decimal 321)
   defining Unicode char U+0142 (decimal 322)
   defining Unicode char U+0152 (decimal 338)
   defining Unicode char U+0153 (decimal 339)
   defining Unicode char U+0174 (decimal 372)
   defining Unicode char U+0175 (decimal 373)
   defining Unicode char U+0176 (decimal 374)
   defining Unicode char U+0177 (decimal 375)
   defining Unicode char U+0218 (decimal 536)
   defining Unicode char U+0219 (decimal 537)
   defining Unicode char U+021A (decimal 538)
   defining Unicode char U+021B (decimal 539)
   defining Unicode char U+2013 (decimal 8211)
   defining Unicode char U+2014 (decimal 8212)
   defining Unicode char U+2018 (decimal 8216)
   defining Unicode char U+2019 (decimal 8217)
   defining Unicode char U+201C (decimal 8220)
   defining Unicode char U+201D (decimal 8221)
)
Now handling font encoding OMS ...
... processing UTF-8 mapping file for font encoding OMS

(/usr/share/texlive/texmf-dist/tex/latex/base/omsenc.dfu
File: omsenc.dfu 2015/12/03 v1.1r UTF-8 support for inputenc
   defining Unicode char U+00A7 (decimal 167)
   defining Unicode char U+00B6 (decimal 182)
   defining Unicode char U+00B7 (decimal 183)
   defining Unicode char U+2020 (decimal 8224)
   defining Unicode char U+2021 (decimal 8225)
   defining Unicode char U+2022 (decimal 8226)
)
Now handling font encoding OMX ...
... no UTF-8 mapping file for font encoding OMX
Now handling font encoding U ...
... no UTF-8 mapping file for font encoding U
Now handling font encoding OT4 ...
... no UTF-8 mapping file for font encoding OT4
   defining Unicode char U+00A9 (decimal 169)
   defining Unicode char U+00AA (decimal 170)
   defining Unicode char U+00AE (decimal 174)
   defining Unicode char U+00BA (decimal 186)
   defining Unicode char U+02C6 (decimal 710)
   defining Unicode char U+02DC (decimal 732)
   defining Unicode char U+200C (decimal 8204)
   defining Unicode char U+2026 (decimal 8230)
   defining Unicode char U+2122 (decimal 8482)
   defining Unicode char U+2423 (decimal 9251)
))
(/usr/share/texlive/texmf-dist/tex/latex/tools/indentfirst.sty
Package: indentfirst 1995/11/23 v1.03 Indent first paragraph (DPC)
)
(/usr/share/texlive/texmf-dist/tex/latex/float/float.sty
Package: float 2001/11/08 v1.3d Float enhancements (AL)
\c@float@type=\count88
\float@exts=\toks17
\float@box=\box26
\@float@everytoks=\toks18
\@floatcapt=\box27
)
(/usr/share/texlive/texmf-dist/tex/latex/listings/listings.sty
\lst@mode=\count89
\lst@gtempboxa=\box28
\lst@token=\toks19
\lst@length=\count90
\lst@currlwidth=\dimen105
\lst@column=\count91
\lst@pos=\count92
\lst@lostspace=\dimen106
\lst@width=\dimen107
\lst@newlines=\count93
\lst@lineno=\count94
\lst@maxwidth=\dimen108

(/usr/share/texlive/texmf-dist/tex/latex/listings/lstmisc.sty
File: lstmisc.sty 2015/06/04 1.6 (Carsten Heinz)
\c@lstnumber=\count95
\lst@skipnumbers=\count96
\lst@framebox=\box29
)
(/usr/share/texlive/texmf-dist/tex/latex/listings/listings.cfg
File: listings.cfg 2015/06/04 1.6 listings configuration
))
Package: listings 2015/06/04 1.6 (Carsten Heinz)

(/usr/share/texlive/texmf-dist/tex/latex/psnfss/helvet.sty
Package: helvet 2005/04/12 PSNFSS-v9.2a (WaS) 
)
(/usr/share/texlive/texmf-dist/tex/latex/fancyhdr/fancyhdr.sty
\fancy@headwidth=\skip43
\f@ncyO@elh=\skip44
\f@ncyO@erh=\skip45
\f@ncyO@olh=\skip46
\f@ncyO@orh=\skip47
\f@ncyO@elf=\skip48
\f@ncyO@erf=\skip49
\f@ncyO@olf=\skip50
\f@ncyO@orf=\skip51
)
(/usr/share/texlive/texmf-dist/tex/latex/pdfpages/pdfpages.sty
Package: pdfpages 2015/09/18 v0.5d Insert pages of external PDF documents (AM)

(/usr/share/texlive/texmf-dist/tex/latex/base/ifthen.sty
Package: ifthen 2014/09/29 v1.1c Standard LaTeX ifthen package (DPC)
)
(/usr/share/texlive/texmf-dist/tex/latex/tools/calc.sty
Package: calc 2014/10/28 v4.3 Infix arithmetic (KKT,FJ)
\calc@Acount=\count97
\calc@Bcount=\count98
\calc@Adimen=\dimen109
\calc@Bdimen=\dimen110
\calc@Askip=\skip52
\calc@Bskip=\skip53
LaTeX Info: Redefining \setlength on input line 80.
LaTeX Info: Redefining \addtolength on input line 81.
\calc@Ccount=\count99
\calc@Cskip=\skip54
)
(/usr/share/texlive/texmf-dist/tex/latex/eso-pic/eso-pic.sty
Package: eso-pic 2015/07/21 v2.0g eso-pic (RN)

(/usr/share/texlive/texmf-dist/tex/generic/oberdiek/atbegshi.sty
Package: atbegshi 2011/10/05 v1.16 At begin shipout hook (HO)

(/usr/share/texlive/texmf-dist/tex/generic/oberdiek/ifpdf.sty
Package: ifpdf 2011/01/30 v2.3 Provides the ifpdf switch (HO)
Package ifpdf Info: pdfTeX in PDF mode is detected.
))
(/usr/share/texlive/texmf-dist/tex/latex/xcolor/xcolor.sty
Package: xcolor 2007/01/21 v2.11 LaTeX color extensions (UK)

(/usr/share/texlive/texmf-dist/tex/latex/latexconfig/color.cfg
File: color.cfg 2007/01/18 v1.5 color configuration of teTeX/TeXLive
)
Package xcolor Info: Driver file: pdftex.def on input line 225.
Package xcolor Info: Model `cmy' substituted by `cmy0' on input line 1337.
Package xcolor Info: Model `hsb' substituted by `rgb' on input line 1341.
Package xcolor Info: Model `RGB' extended on input line 1353.
Package xcolor Info: Model `HTML' substituted by `rgb' on input line 1355.
Package xcolor Info: Model `Hsb' substituted by `hsb' on input line 1356.
Package xcolor Info: Model `tHsb' substituted by `hsb' on input line 1357.
Package xcolor Info: Model `HSB' substituted by `hsb' on input line 1358.
Package xcolor Info: Model `Gray' substituted by `gray' on input line 1359.
Package xcolor Info: Model `wave' substituted by `hsb' on input line 1360.
))
\AM@pagewidth=\dimen111
\AM@pageheight=\dimen112

(/usr/share/texlive/texmf-dist/tex/latex/pdfpages/pppdftex.def
File: pppdftex.def 2015/09/18 v0.5d Pdfpages driver for pdfTeX (AM)
)
\AM@pagebox=\box30
\AM@toc@title=\toks20
\c@AM@survey=\count100
\AM@templatesizebox=\box31
)
(/usr/share/texlive/texmf-dist/tex/latex/caption/caption.sty
Package: caption 2016/02/21 v3.3-144 Customizing captions (AR)

(/usr/share/texlive/texmf-dist/tex/latex/caption/caption3.sty
Package: caption3 2016/02/04 v1.7-139 caption3 kernel (AR)
Package caption3 Info: TeX engine: e-TeX on input line 67.
\captionmargin=\dimen113
\captionmargin@=\dimen114
\captionwidth=\dimen115
\caption@tempdima=\dimen116
\caption@indent=\dimen117
\caption@parindent=\dimen118
\caption@hangindent=\dimen119
)
\c@ContinuedFloat=\count101
Package caption Info: float package is loaded.
Package caption Info: listings package is loaded.
)
(/usr/share/texlive/texmf-dist/tex/latex/amsmath/amsmath.sty
Package: amsmath 2016/03/03 v2.15a AMS math features
\@mathmargin=\skip55

For additional information on amsmath, use the `?' option.
(/usr/share/texlive/texmf-dist/tex/latex/amsmath/amstext.sty
Package: amstext 2000/06/29 v2.01 AMS text

(/usr/share/texlive/texmf-dist/tex/latex/amsmath/amsgen.sty
File: amsgen.sty 1999/11/30 v2.0 generic functions
\@emptytoks=\toks21
\ex@=\dimen120
))
(/usr/share/texlive/texmf-dist/tex/latex/amsmath/amsbsy.sty
Package: amsbsy 1999/11/29 v1.2d Bold Symbols
\pmbraise@=\dimen121
)
(/usr/share/texlive/texmf-dist/tex/latex/amsmath/amsopn.sty
Package: amsopn 1999/12/14 v2.01 operator names
)
\inf@bad=\count102
LaTeX Info: Redefining \frac on input line 199.
\uproot@=\count103
\leftroot@=\count104
LaTeX Info: Redefining \overline on input line 297.
\classnum@=\count105
\DOTSCASE@=\count106
LaTeX Info: Redefining \ldots on input line 394.
LaTeX Info: Redefining \dots on input line 397.
LaTeX Info: Redefining \cdots on input line 518.
\Mathstrutbox@=\box32
\strutbox@=\box33
\big@size=\dimen122
LaTeX Font Info:    Redeclaring font encoding OML on input line 630.
LaTeX Font Info:    Redeclaring font encoding OMS on input line 631.
\macc@depth=\count107
\c@MaxMatrixCols=\count108
\dotsspace@=\muskip10
\c@parentequation=\count109
\dspbrk@lvl=\count110
\tag@help=\toks22
\row@=\count111
\column@=\count112
\maxfields@=\count113
\andhelp@=\toks23
\eqnshift@=\dimen123
\alignsep@=\dimen124
\tagshift@=\dimen125
\tagwidth@=\dimen126
\totwidth@=\dimen127
\lineht@=\dimen128
\@envbody=\toks24
\multlinegap=\skip56
\multlinetaggap=\skip57
\mathdisplay@stack=\toks25
LaTeX Info: Redefining \[ on input line 2735.
LaTeX Info: Redefining \] on input line 2736.
)
(/usr/share/texlive/texmf-dist/tex/latex/hyphenat/hyphenat.sty
Package: hyphenat 2009/09/02 v2.3c hyphenation utilities
\langwohyphens=\language81
LaTeX Info: Redefining \_ on input line 43.
)
(/usr/share/texlive/texmf-dist/tex/latex/enumitem/enumitem.sty
Package: enumitem 2011/09/28 v3.5.2 Customized lists
\labelindent=\skip58
\enit@outerparindent=\dimen129
\enit@toks=\toks26
\enit@inbox=\box34
\enitdp@description=\count114
)
(/usr/share/texlive/texmf-dist/tex/latex/appendix/appendix.sty
Package: appendix 2009/09/02 v1.2b extra appendix facilities
\c@@pps=\count115
\c@@ppsavesec=\count116
\c@@ppsaveapp=\count117
)
(/usr/share/texlive/texmf-dist/tex/latex/chngcntr/chngcntr.sty
Package: chngcntr 2009/09/02 v1.0a change counter resetting
)
(/usr/share/texlive/texmf-dist/tex/latex/geometry/geometry.sty
Package: geometry 2010/09/12 v5.6 Page Geometry

(/usr/share/texlive/texmf-dist/tex/generic/oberdiek/ifvtex.sty
Package: ifvtex 2010/03/01 v1.5 Detect VTeX and its facilities (HO)
Package ifvtex Info: VTeX not detected.
)
(/usr/share/texlive/texmf-dist/tex/generic/ifxetex/ifxetex.sty
Package: ifxetex 2010/09/12 v0.6 Provides ifxetex conditional
)
\Gm@cnth=\count118
\Gm@cntv=\count119
\c@Gm@tempcnt=\count120
\Gm@bindingoffset=\dimen130
\Gm@wd@mp=\dimen131
\Gm@odd@mp=\dimen132
\Gm@even@mp=\dimen133
\Gm@layoutwidth=\dimen134
\Gm@layoutheight=\dimen135
\Gm@layouthoffset=\dimen136
\Gm@layoutvoffset=\dimen137
\Gm@dimlist=\toks27
)
(/usr/share/texlive/texmf-dist/tex/latex/base/fontenc.sty
Package: fontenc 2005/09/27 v1.99g Standard LaTeX package

(/usr/share/texlive/texmf-dist/tex/latex/base/t1enc.def
File: t1enc.def 2005/09/27 v1.99g Standard LaTeX file
LaTeX Font Info:    Redeclaring font encoding T1 on input line 48.
)) (./dokument.aux)
\openout1 = `dokument.aux'.

LaTeX Font Info:    Checking defaults for OML/cmm/m/it on input line 37.
LaTeX Font Info:    ... okay on input line 37.
LaTeX Font Info:    Checking defaults for T1/cmr/m/n on input line 37.
LaTeX Font Info:    ... okay on input line 37.
LaTeX Font Info:    Checking defaults for OT1/cmr/m/n on input line 37.
LaTeX Font Info:    ... okay on input line 37.
LaTeX Font Info:    Checking defaults for OMS/cmsy/m/n on input line 37.
LaTeX Font Info:    ... okay on input line 37.
LaTeX Font Info:    Checking defaults for OMX/cmex/m/n on input line 37.
LaTeX Font Info:    ... okay on input line 37.
LaTeX Font Info:    Checking defaults for U/cmr/m/n on input line 37.
LaTeX Font Info:    ... okay on input line 37.
LaTeX Font Info:    Checking defaults for OT4/cmr/m/n on input line 37.
LaTeX Font Info:    ... okay on input line 37.
LaTeX Font Info:    Try loading font information for T1+phv on input line 37.

(/usr/share/texlive/texmf-dist/tex/latex/psnfss/t1phv.fd
File: t1phv.fd 2001/06/04 scalable font definitions for T1/phv.
)
LaTeX Font Info:    Font shape `T1/phv/m/n' will be
(Font)              scaled to size 11.39996pt on input line 37.

(/usr/share/texlive/texmf-dist/tex/context/base/supp-pdf.mkii
[Loading MPS to PDF converter (version 2006.09.02).]
\scratchcounter=\count121
\scratchdimen=\dimen138
\scratchbox=\box35
\nofMPsegments=\count122
\nofMParguments=\count123
\everyMPshowfont=\toks28
\MPscratchCnt=\count124
\MPscratchDim=\dimen139
\MPnumerator=\count125
\makeMPintoPDFobject=\count126
\everyMPtoPDFconversion=\toks29
) (/usr/share/texlive/texmf-dist/tex/generic/oberdiek/pdftexcmds.sty
Package: pdftexcmds 2011/11/29 v0.20 Utility functions of pdfTeX for LuaTeX (HO
)

(/usr/share/texlive/texmf-dist/tex/generic/oberdiek/ifluatex.sty
Package: ifluatex 2010/03/01 v1.3 Provides the ifluatex switch (HO)
Package ifluatex Info: LuaTeX not detected.
)
Package pdftexcmds Info: LuaTeX not detected.
Package pdftexcmds Info: \pdf@primitive is available.
Package pdftexcmds Info: \pdf@ifprimitive is available.
Package pdftexcmds Info: \pdfdraftmode found.
)
(/usr/share/texlive/texmf-dist/tex/latex/oberdiek/epstopdf-base.sty
Package: epstopdf-base 2010/02/09 v2.5 Base part for package epstopdf

(/usr/share/texlive/texmf-dist/tex/latex/oberdiek/grfext.sty
Package: grfext 2010/08/19 v1.1 Manage graphics extensions (HO)

(/usr/share/texlive/texmf-dist/tex/generic/oberdiek/kvdefinekeys.sty
Package: kvdefinekeys 2011/04/07 v1.3 Define keys (HO)
))
(/usr/share/texlive/texmf-dist/tex/latex/oberdiek/kvoptions.sty
Package: kvoptions 2011/06/30 v3.11 Key value format for package options (HO)

(/usr/share/texlive/texmf-dist/tex/generic/oberdiek/kvsetkeys.sty
Package: kvsetkeys 2012/04/25 v1.16 Key value parser (HO)

(/usr/share/texlive/texmf-dist/tex/generic/oberdiek/etexcmds.sty
Package: etexcmds 2011/02/16 v1.5 Avoid name clashes with e-TeX commands (HO)
Package etexcmds Info: Could not find \expanded.
(etexcmds)             That can mean that you are not using pdfTeX 1.50 or
(etexcmds)             that some package has redefined \expanded.
(etexcmds)             In the latter case, load this package earlier.
)))
Package grfext Info: Graphics extension search list:
(grfext)             [.png,.pdf,.jpg,.mps,.jpeg,.jbig2,.jb2,.PNG,.PDF,.JPG,.JPE
G,.JBIG2,.JB2,.eps]
(grfext)             \AppendGraphicsExtensions on input line 452.

(/usr/share/texlive/texmf-dist/tex/latex/latexconfig/epstopdf-sys.cfg
File: epstopdf-sys.cfg 2010/07/13 v1.3 Configuration of (r)epstopdf for TeX Liv
e
))
\c@lstlisting=\count127
\AtBeginShipoutBox=\box36

(/usr/share/texlive/texmf-dist/tex/latex/oberdiek/pdflscape.sty
Package: pdflscape 2008/08/11 v0.10 Display of landscape pages in PDF (HO)

(/usr/share/texlive/texmf-dist/tex/latex/graphics/lscape.sty
Package: lscape 2000/10/22 v3.01 Landscape Pages (DPC)
)
Package pdflscape Info: Auto-detected driver: pdftex on input line 80.
)
Package caption Info: Begin \AtBeginDocument code.
Package caption Info: End \AtBeginDocument code.

*geometry* driver: auto-detecting
*geometry* detected driver: pdftex
*geometry* verbose mode - [ preamble ] result:
* driver: pdftex
* paper: a4paper
* layout: <same size as paper>
* layoutoffset:(h,v)=(0.0pt,0.0pt)
* modes: twoside 
* h-part:(L,W,R)=(71.70166pt, 418.25368pt, 107.55254pt)
* v-part:(T,H,B)=(101.40665pt, 591.5302pt, 152.11pt)
* \paperwidth=597.50787pt
* \paperheight=845.04684pt
* \textwidth=418.25368pt
* \textheight=591.5302pt
* \oddsidemargin=-0.56833pt
* \evensidemargin=35.28255pt
* \topmargin=-7.86334pt
* \headheight=12.0pt
* \headsep=25.0pt
* \topskip=12.0pt
* \footskip=30.0pt
* \marginparwidth=85.0pt
* \marginparsep=10.0pt
* \columnsep=10.0pt
* \skip\footins=10.8pt plus 4.0pt minus 2.0pt
* \hoffset=0.0pt
* \voffset=0.0pt
* \mag=1000
* \@twocolumnfalse
* \@twosidetrue
* \@mparswitchtrue
* \@reversemarginfalse
* (1in=72.27pt=25.4mm, 1cm=28.453pt)

<pierwsza_strona/pierwsza_strona.pdf, id=1, 597.23125pt x 845.1575pt>
File: pierwsza_strona/pierwsza_strona.pdf Graphic file (type pdf)

<use pierwsza_strona/pierwsza_strona.pdf>
Package pdftex.def Info: pierwsza_strona/pierwsza_strona.pdf used on input line
 38.
(pdftex.def)             Requested size: 597.22978pt x 845.15544pt.
File: pierwsza_strona/pierwsza_strona.pdf Graphic file (type pdf)

<use pierwsza_strona/pierwsza_strona.pdf>
Package pdftex.def Info: pierwsza_strona/pierwsza_strona.pdf used on input line
 38.
(pdftex.def)             Requested size: 597.22978pt x 845.15544pt.

<pierwsza_strona/pierwsza_strona.pdf, id=4, page=1, 597.23125pt x 845.1575pt>
File: pierwsza_strona/pierwsza_strona.pdf Graphic file (type pdf)

<use pierwsza_strona/pierwsza_strona.pdf, page 1>
Package pdftex.def Info: pierwsza_strona/pierwsza_strona.pdf, page1 used on inp
ut line 38.
(pdftex.def)             Requested size: 597.22978pt x 845.15544pt.
File: pierwsza_strona/pierwsza_strona.pdf Graphic file (type pdf)

<use pierwsza_strona/pierwsza_strona.pdf, page 1>
Package pdftex.def Info: pierwsza_strona/pierwsza_strona.pdf, page1 used on inp
ut line 38.
(pdftex.def)             Requested size: 597.25711pt x 845.19412pt.
File: pierwsza_strona/pierwsza_strona.pdf Graphic file (type pdf)

<use pierwsza_strona/pierwsza_strona.pdf, page 1>
Package pdftex.def Info: pierwsza_strona/pierwsza_strona.pdf, page1 used on inp
ut line 38.
(pdftex.def)             Requested size: 597.25711pt x 845.19412pt.
File: pierwsza_strona/pierwsza_strona.pdf Graphic file (type pdf)

<use pierwsza_strona/pierwsza_strona.pdf, page 1>
Package pdftex.def Info: pierwsza_strona/pierwsza_strona.pdf, page1 used on inp
ut line 38.
(pdftex.def)             Requested size: 597.25711pt x 845.19412pt.
File: pierwsza_strona/pierwsza_strona.pdf Graphic file (type pdf)

<use pierwsza_strona/pierwsza_strona.pdf, page 1>
Package pdftex.def Info: pierwsza_strona/pierwsza_strona.pdf, page1 used on inp
ut line 38.
(pdftex.def)             Requested size: 597.25711pt x 845.19412pt.
 [1

 <./pierwsza_strona/pierwsza_strona.pdf>] [1]
LaTeX Font Info:    Font shape `T1/phv/m/n' will be
(Font)              scaled to size 16.41594pt on input line 42.
LaTeX Font Info:    Font shape `T1/phv/bx/n' in size <17.28> not available
(Font)              Font shape `T1/phv/b/n' tried instead on input line 42.
LaTeX Font Info:    Font shape `T1/phv/b/n' will be
(Font)              scaled to size 16.41594pt on input line 42.
LaTeX Font Info:    Font shape `T1/phv/bx/n' in size <12> not available
(Font)              Font shape `T1/phv/b/n' tried instead on input line 58.
LaTeX Font Info:    Font shape `T1/phv/b/n' will be
(Font)              scaled to size 11.39996pt on input line 58.
LaTeX Font Info:    Try loading font information for OMS+phv on input line 60.
 (/usr/share/texlive/texmf-dist/tex/latex/psnfss/omsphv.fd
File: omsphv.fd 
)
LaTeX Font Info:    Font shape `OMS/phv/m/n' in size <12> not available
(Font)              Font shape `OMS/cmsy/m/n' tried instead on input line 60.

[2{/var/lib/texmf/fonts/map/pdftex/updmap/pdftex.map}] [3]
<obrazy/oswiadczenie.pdf, id=31, 597.31157pt x 844.83629pt>
File: obrazy/oswiadczenie.pdf Graphic file (type pdf)

<use obrazy/oswiadczenie.pdf>
Package pdftex.def Info: obrazy/oswiadczenie.pdf used on input line 90.
(pdftex.def)             Requested size: 597.3101pt x 844.83423pt.
File: obrazy/oswiadczenie.pdf Graphic file (type pdf)
 <use obrazy/oswiadczenie.pdf>
Package pdftex.def Info: obrazy/oswiadczenie.pdf used on input line 90.
(pdftex.def)             Requested size: 597.3101pt x 844.83423pt.

<obrazy/oswiadczenie.pdf, id=34, page=1, 597.31157pt x 844.83629pt>
File: obrazy/oswiadczenie.pdf Graphic file (type pdf)

<use obrazy/oswiadczenie.pdf, page 1>
Package pdftex.def Info: obrazy/oswiadczenie.pdf, page1 used on input line 90.
(pdftex.def)             Requested size: 597.3101pt x 844.83423pt.
File: obrazy/oswiadczenie.pdf Graphic file (type pdf)
 <use obrazy/oswiadczenie.pdf, page 1>
Package pdftex.def Info: obrazy/oswiadczenie.pdf, page1 used on input line 90.
(pdftex.def)             Requested size: 597.81139pt x 845.54323pt.
File: obrazy/oswiadczenie.pdf Graphic file (type pdf)

<use obrazy/oswiadczenie.pdf, page 1>
Package pdftex.def Info: obrazy/oswiadczenie.pdf, page1 used on input line 90.
(pdftex.def)             Requested size: 597.81139pt x 845.54323pt.
File: obrazy/oswiadczenie.pdf Graphic file (type pdf)
 <use obrazy/oswiadczenie.pdf, page 1>
Package pdftex.def Info: obrazy/oswiadczenie.pdf, page1 used on input line 90.
(pdftex.def)             Requested size: 597.81139pt x 845.54323pt.
File: obrazy/oswiadczenie.pdf Graphic file (type pdf)

<use obrazy/oswiadczenie.pdf, page 1>
Package pdftex.def Info: obrazy/oswiadczenie.pdf, page1 used on input line 90.
(pdftex.def)             Requested size: 597.81139pt x 845.54323pt.
 [4 <./obrazy/oswiadczenie.pdf>]
(./dokument.toc
LaTeX Font Info:    Try loading font information for OML+plm on input line 2.
 (/usr/share/texlive/texmf-dist/tex/latex/polski/omlplm.fd
File: omlplm.fd 2008/02/24 v1.2.1 Font defs for fonts PL (MW)
)
LaTeX Font Info:    Try loading font information for OMS+plsy on input line 2.

(/usr/share/texlive/texmf-dist/tex/latex/polski/omsplsy.fd
File: omsplsy.fd 2008/02/24 v1.2.1 Font defs for fonts PL (MW)
)
LaTeX Font Info:    Try loading font information for OMX+plex on input line 2.

(/usr/share/texlive/texmf-dist/tex/latex/polski/omxplex.fd
File: omxplex.fd 2008/02/24 v1.2.1 Font defs for fonts PL (MW)
)
LaTeX Font Info:    External font `plex10' loaded for size
(Font)              <12> on input line 2.
LaTeX Font Info:    External font `plex10' loaded for size
(Font)              <8> on input line 2.
LaTeX Font Info:    External font `plex10' loaded for size
(Font)              <6> on input line 2.
 [5])
\tf@toc=\write3
\openout3 = `dokument.toc'.

 [6]
LaTeX Font Info:    Font shape `T1/phv/m/n' will be
(Font)              scaled to size 13.67995pt on input line 97.
LaTeX Font Info:    Font shape `T1/phv/bx/n' in size <14.4> not available
(Font)              Font shape `T1/phv/b/n' tried instead on input line 97.
LaTeX Font Info:    Font shape `T1/phv/b/n' will be
(Font)              scaled to size 13.67995pt on input line 97.

Overfull \hbox (4.74991pt too wide) in paragraph at lines 136--140
\T1/phv/m/n/12 nych, co wy-mu-si-ªo za-pro-jek-to-wa-nie spe-cy-ficz-ne-go sys-
te-mu fil-tru-j¡-ce-go, w ce-lu umo»-
 []

[7] [8] [9] [10] [11] [12]
<obrazy/exac/ingenuity.jpg, id=67, 1204.5pt x 716.6775pt>
File: obrazy/exac/ingenuity.jpg Graphic file (type jpg)

<use obrazy/exac/ingenuity.jpg>
Package pdftex.def Info: obrazy/exac/ingenuity.jpg used on input line 271.
(pdftex.def)             Requested size: 418.25368pt x 248.86154pt.
LaTeX Font Info:    Font shape `T1/phv/m/it' in size <12> not available
(Font)              Font shape `T1/phv/m/sl' tried instead on input line 273.
LaTeX Font Info:    Font shape `T1/phv/m/sl' will be
(Font)              scaled to size 11.39996pt on input line 273.
LaTeX Font Info:    Font shape `T1/phv/m/it' in size <10> not available
(Font)              Font shape `T1/phv/m/sl' tried instead on input line 273.
LaTeX Font Info:    Font shape `T1/phv/m/sl' will be
(Font)              scaled to size 9.49997pt on input line 273.
 [13 <./obrazy/exac/ingenuity.jpg>]
<obrazy/exac/broad.png, id=72, 1063.975pt x 560.0925pt>
File: obrazy/exac/broad.png Graphic file (type png)

<use obrazy/exac/broad.png>
Package pdftex.def Info: obrazy/exac/broad.png used on input line 298.
(pdftex.def)             Requested size: 376.42575pt x 198.15479pt.
 [14 <./obrazy/exac/broad.png>]
<obrazy/exac/miner.png, id=76, 1926.19624pt x 988.69376pt>
File: obrazy/exac/miner.png Graphic file (type png)

<use obrazy/exac/miner.png>
Package pdftex.def Info: obrazy/exac/miner.png used on input line 327.
(pdftex.def)             Requested size: 418.25368pt x 214.6771pt.
 [15 <./obrazy/exac/miner.png>] [16] [17] [18]
[19] <obrazy/aplikacja/login.png, id=93, 769.87625pt x 226.8475pt>
File: obrazy/aplikacja/login.png Graphic file (type png)

<use obrazy/aplikacja/login.png>
Package pdftex.def Info: obrazy/aplikacja/login.png used on input line 462.
(pdftex.def)             Requested size: 418.25368pt x 123.24348pt.
 [20 <./obrazy/aplikacja/login.png>]
<obrazy/aplikacja/sample_list.png, id=97, 475.7775pt x 392.46625pt>
File: obrazy/aplikacja/sample_list.png Graphic file (type png)

<use obrazy/aplikacja/sample_list.png>
Package pdftex.def Info: obrazy/aplikacja/sample_list.png used on input line 47
9.
(pdftex.def)             Requested size: 418.25368pt x 345.03pt.
 [21 <./obrazy/aplikacja/sample_list.png>] <obrazy/aplikacja/table1.png, id=101
, 1625.07124pt x 880.28876pt>
File: obrazy/aplikacja/table1.png Graphic file (type png)

<use obrazy/aplikacja/table1.png>
Package pdftex.def Info: obrazy/aplikacja/table1.png used on input line 490.
(pdftex.def)             Requested size: 418.25368pt x 226.55936pt.

Underfull \hbox (badness 10000) in paragraph at lines 507--513

 []

[22 <./obrazy/aplikacja/table1.png>]
<obrazy/aplikacja/sortingAndSearch.png, id=105, 239.89626pt x 147.55125pt>
File: obrazy/aplikacja/sortingAndSearch.png Graphic file (type png)

<use obrazy/aplikacja/sortingAndSearch.png>
Package pdftex.def Info: obrazy/aplikacja/sortingAndSearch.png used on input li
ne 525.
(pdftex.def)             Requested size: 239.89566pt x 147.55087pt.
 [23 <./obrazy/aplikacja/sortingAndSearch.png>]
<obrazy/aplikacja/visible_columns.png, id=109, 890.32625pt x 522.95375pt>
File: obrazy/aplikacja/visible_columns.png Graphic file (type png)

<use obrazy/aplikacja/visible_columns.png>
Package pdftex.def Info: obrazy/aplikacja/visible_columns.png used on input lin
e 543.
(pdftex.def)             Requested size: 418.25368pt x 245.6686pt.
 [24 <./obrazy/aplikacja/visible_columns.png>] <obrazy/aplikacja/filters.png, i
d=114, 293.095pt x 621.32124pt>
File: obrazy/aplikacja/filters.png Graphic file (type png)

<use obrazy/aplikacja/filters.png>
Package pdftex.def Info: obrazy/aplikacja/filters.png used on input line 575.
(pdftex.def)             Requested size: 265.08894pt x 561.95187pt.
 [25] [26 <./obrazy/aplikacja/filters.png>]
Underfull \hbox (badness 5008) in paragraph at lines 601--601
[]\T1/phv/m/n/12 Wyniki zli-cza-nia da-
 []


Underfull \hbox (badness 10000) in paragraph at lines 601--601
\T1/phv/m/n/12 nych dla ka»-de-go
 []

[27]
*geometry* verbose mode - [ newgeometry ] result:
* driver: pdftex
* paper: a4paper
* layout: <same size as paper>
* layoutoffset:(h,v)=(0.0pt,0.0pt)
* modes: twoside 
* h-part:(L,W,R)=(28.45274pt, 512.14963pt, 56.9055pt)
* v-part:(T,H,B)=(28.45274pt, 731.23584pt, 85.35826pt)
* \paperwidth=597.50787pt
* \paperheight=845.04684pt
* \textwidth=512.14963pt
* \textheight=731.23584pt
* \oddsidemargin=-43.81725pt
* \evensidemargin=-15.36449pt
* \topmargin=-80.81725pt
* \headheight=12.0pt
* \headsep=25.0pt
* \topskip=12.0pt
* \footskip=30.0pt
* \marginparwidth=85.0pt
* \marginparsep=10.0pt
* \columnsep=10.0pt
* \skip\footins=10.8pt plus 4.0pt minus 2.0pt
* \hoffset=0.0pt
* \voffset=0.0pt
* \mag=1000
* \@twocolumnfalse
* \@twosidetrue
* \@mparswitchtrue
* \@reversemarginfalse
* (1in=72.27pt=25.4mm, 1cm=28.453pt)

 <obrazy/aplikacja/filterDiagram.png, id=124, 665.48625pt x 736.7525pt>
File: obrazy/aplikacja/filterDiagram.png Graphic file (type png)

<use obrazy/aplikacja/filterDiagram.png>
Package pdftex.def Info: obrazy/aplikacja/filterDiagram.png used on input line 
619.
(pdftex.def)             Requested size: 512.14963pt x 567.03137pt.


Package Fancyhdr Warning: \footskip is too small (0.0pt): 
 Make it at least 10.14995pt.
 We now make it that large for the rest of the document.
 This may cause the page layout to be inconsistent, however.

[28 <./obrazy/aplikacja/filterDiagram.png>]
<obrazy/aplikacja/count.png, id=130, 293.095pt x 655.44875pt>
File: obrazy/aplikacja/count.png Graphic file (type png)

<use obrazy/aplikacja/count.png>
Package pdftex.def Info: obrazy/aplikacja/count.png used on input line 627.
(pdftex.def)             Requested size: 251.28754pt x 561.95187pt.

Underfull \vbox (badness 10000) has occurred while \output is active []

 [29


 <./obrazy/aplikacja/count.png>]
<obrazy/aplikacja/admin.png, id=134, 938.50626pt x 466.74374pt>
File: obrazy/aplikacja/admin.png Graphic file (type png)

<use obrazy/aplikacja/admin.png>
Package pdftex.def Info: obrazy/aplikacja/admin.png used on input line 641.
(pdftex.def)             Requested size: 418.25368pt x 208.00299pt.
 [30 <./obrazy/aplikacja/admin.png>]
<obrazy/aplikacja/input_file.png, id=139, 612.2875pt x 244.915pt>
File: obrazy/aplikacja/input_file.png Graphic file (type png)

<use obrazy/aplikacja/input_file.png>
Package pdftex.def Info: obrazy/aplikacja/input_file.png used on input line 660
.
(pdftex.def)             Requested size: 418.25368pt x 167.30235pt.
 [31 <./obrazy/aplikacja/input_file.png>]
<obrazy/aplikacja/user_priviliges.png, id=143, 946.53625pt x 589.20125pt>
File: obrazy/aplikacja/user_priviliges.png Graphic file (type png)

<use obrazy/aplikacja/user_priviliges.png>
Package pdftex.def Info: obrazy/aplikacja/user_priviliges.png used on input lin
e 675.
(pdftex.def)             Requested size: 418.25368pt x 260.35516pt.
 [32 <./obrazy/aplikacja/user_priviliges.png>]
*geometry* verbose mode - [ newgeometry ] result:
* driver: pdftex
* paper: a4paper
* layout: <same size as paper>
* layoutoffset:(h,v)=(0.0pt,0.0pt)
* modes: twoside 
* h-part:(L,W,R)=(14.22636pt, 569.05515pt, 14.22636pt)
* v-part:(T,H,B)=(14.22636pt, 816.59412pt, 14.22636pt)
* \paperwidth=597.50787pt
* \paperheight=845.04684pt
* \textwidth=569.05515pt
* \textheight=816.59412pt
* \oddsidemargin=-58.04362pt
* \evensidemargin=-58.04362pt
* \topmargin=-95.04362pt
* \headheight=12.0pt
* \headsep=25.0pt
* \topskip=12.0pt
* \footskip=30.0pt
* \marginparwidth=85.0pt
* \marginparsep=10.0pt
* \columnsep=10.0pt
* \skip\footins=10.8pt plus 4.0pt minus 2.0pt
* \hoffset=0.0pt
* \voffset=0.0pt
* \mag=1000
* \@twocolumnfalse
* \@twosidetrue
* \@mparswitchtrue
* \@reversemarginfalse
* (1in=72.27pt=25.4mm, 1cm=28.453pt)

 <obrazy/aplikacja/database2.png, id=147, 832.10875pt x 1824.8175pt>
File: obrazy/aplikacja/database2.png Graphic file (type png)

<use obrazy/aplikacja/database2.png>
Package pdftex.def Info: obrazy/aplikacja/database2.png used on input line 684.

(pdftex.def)             Requested size: 569.07689pt x 734.92609pt.
 [33

 <./obrazy/aplikacja/database2.png>]
Overfull \hbox (14.47435pt too wide) in paragraph at lines 692--696
[]\T1/phv/m/n/12 Przed roz-po-cz¦-ciem im-ple-men-ta-cji apli-ka-cji prze-gl¡-d
ar-ko-wej za-pro-jek-to-wa-no struk-
 []

LaTeX Font Info:    Try loading font information for T1+cmtt on input line 718.

(/usr/share/texlive/texmf-dist/tex/latex/base/t1cmtt.fd
File: t1cmtt.fd 2014/09/29 v2.5h Standard LaTeX font definitions
)
Overfull \hbox (5.13704pt too wide) in paragraph at lines 711--719
 \T1/phv/b/n/12 Sztucz-ne iden-ty-fi-ka-to-ry pró-bek[] \T1/phv/m/n/12 Do im-pl
e-men-ta-cji stro-ny pre-zen-tu-j¡-cej da-ne u»yt-
 []


Overfull \hbox (11.16113pt too wide) in paragraph at lines 725--732
\T1/phv/m/n/12 go ad-mi-ni-stra-to-ro-wi. Z tym prze-±wiad-cze-niem zo-sta-ªa d
o-da-na ta-be-la ^^Rvariant[]\T1/cmtt/m/n/12 _\T1/phv/m/n/12 column^^Q,
 []

[34

] [35]
Overfull \hbox (24.41577pt too wide) in paragraph at lines 763--766
[]\T1/phv/m/n/12 Za ª¡-cze-nie wszyst-kich trzech wy-mie-nio-nych en-cji, od-po
-wia-da ta-be-la ^^Rtab[]\T1/cmtt/m/n/12 _\T1/phv/m/n/12 field[]\T1/cmtt/m/n/12
 _\T1/phv/m/n/12 filter^^Q,
 []

[36] [37]
Underfull \hbox (badness 10000) in paragraph at lines 819--819
[]\T1/phv/m/n/12 rozmiar od-po-wie-dzi
 []


Underfull \hbox (badness 10000) in paragraph at lines 847--847
[]\T1/phv/m/n/12 rozmiar od-po-wie-dzi
 []

[38]
Underfull \hbox (badness 5681) in paragraph at lines 862--862
\T1/phv/m/n/12 nia da-nych na
 []

[39]
Underfull \hbox (badness 10000) in paragraph at lines 905--905
[]\T1/phv/m/n/12 przeksztaªcenia
 []

[40]
Overfull \hbox (2.24222pt too wide) in paragraph at lines 939--941
[]\T1/phv/m/n/12 Po za-im-ple-men-to-wa-niu funk-cjo-nal-no-±ci ukry-kwa-nia ko
-lumn po-no-wio-no te-sty przy
 []


Underfull \hbox (badness 6493) in paragraph at lines 968--968
[]\T1/phv/m/n/12 przed opty-ma-li-
 []


Underfull \hbox (badness 1147) in paragraph at lines 969--969
[]\T1/phv/m/n/12 po opty-ma-li-za-cji
 []


Underfull \hbox (badness 1147) in paragraph at lines 970--970
[]\T1/phv/m/n/12 po opty-ma-li-za-cji
 []

[41] [42]
Overfull \hbox (2.83376pt too wide) in paragraph at lines 1007--1014
\T1/phv/m/n/12 stra-te-gii Kon-wen-cji po-nad Kon-fi-gu-ra-cj¦ oraz na ar-chi-t
ek-tu-rze Model-Widok-Kontroler,
 []

[43] [44]
Overfull \hbox (5.7644pt too wide) in paragraph at lines 1091--1095
\T1/phv/m/n/12 z ty-mi od-po-wie-dzial-ny-mi za za-pis do pa-mi¦-ci pod-r¦cz-ne
j prze-gl¡-dar-ki zo-sta-ªy umiesz-
 []

<obrazy/aplikacja/cookies.png, id=187, 643.40375pt x 163.61125pt>
File: obrazy/aplikacja/cookies.png Graphic file (type png)

<use obrazy/aplikacja/cookies.png>
Package pdftex.def Info: obrazy/aplikacja/cookies.png used on input line 1111.
(pdftex.def)             Requested size: 418.25368pt x 106.36102pt.
 [45 <./obrazy/aplikacja/cookies.png>]
[46] [47] [48]
Underfull \hbox (badness 10000) in paragraph at lines 1216--1218
[]\T1/phv/m/n/12 Wikimedia Fo-un-da-tion, Inc. ^^V DNA Ava-ila-ble at:
 []


Underfull \hbox (badness 10000) in paragraph at lines 1220--1222
[]\T1/phv/m/n/12 Wikimedia Fo-un-da-tion, Inc. ^^V Ge-ne-tic co-de Ava-ila-ble 
at:
 []


Underfull \hbox (badness 3039) in paragraph at lines 1224--1226
[]\T1/phv/m/n/12 Irobalieva, R. N. et al. Struc-tu-ral di-ver-si-ty of su-per-c
o-iled DNA. Nat.
 []


Underfull \hbox (badness 10000) in paragraph at lines 1224--1226
\T1/phv/m/n/12 Com-mun. 6:8440 doi: 10.1038/n-comms9440 (2015) Ava-ila-ble at:
 []


Underfull \hbox (badness 10000) in paragraph at lines 1228--1230
[]\T1/phv/m/n/12 Wikimedia Fo-un-da-tion, Inc. ^^V Nuc-le-oti-de Ava-ila-ble at
:
 []


Underfull \hbox (badness 10000) in paragraph at lines 1235--1237
[]\T1/phv/m/n/12 Wikimedia Fo-un-da-tion, Inc. ^^V Trans-crip-tion Ava-ila-ble 
at:
 []


Overfull \hbox (4.91692pt too wide) in paragraph at lines 1235--1237
\T1/phv/m/n/12 https://en.wikipedia.org/wiki/https://en.wikipedia.org/wiki/Tran
scription[]\T1/cmtt/m/n/12 _\T1/phv/m/n/12 (biology)
 []


Underfull \hbox (badness 10000) in paragraph at lines 1239--1241
[]\T1/phv/m/n/12 QIAGEN ^^V In-ge-nu-ity Va-riant Ana-ly-sis Ava-ila-ble at:
 []


Underfull \hbox (badness 10000) in paragraph at lines 1239--1241
\T1/phv/m/n/12 https://www.qiagenbioinformatics.com/products/ingenuity-variant-
analysis/
 []


Underfull \hbox (badness 5681) in paragraph at lines 1243--1245
[]\T1/phv/m/n/12 École Po-ly-tech-ni-que Fédéra-le ^^V Sca-la do-cu-men-ta-tion
, Ava-ila-ble at:
 []


Underfull \hbox (badness 10000) in paragraph at lines 1247--1248
[]\T1/phv/m/n/12 The Apa-che So-ftwa-re Fo-un-da-tion ^^V Apa-che Spark Ava-ila
-ble at:
 []


Underfull \hbox (badness 4060) in paragraph at lines 1250--1252
[]\T1/phv/m/n/12 Exac Brow-ser Da-ta ^^V Exo-me Ag-gre-ga-tion Con-sor-tium Ava
-ila-ble at:
 []


Underfull \hbox (badness 10000) in paragraph at lines 1254--1257
[]\T1/phv/m/n/12 Lek, Mon-kol et al.^^V Ana-ly-sis of protein-coding ge-
 []


Underfull \hbox (badness 10000) in paragraph at lines 1254--1257
\T1/phv/m/n/12 ne-tic va-ria-tion in 60,706 hu-mans Ava-ila-ble at:
 []


Underfull \hbox (badness 10000) in paragraph at lines 1254--1257
\T1/phv/m/n/12 http://www.nature.com/nature/journal/v536/n7616/full/nature19057
.html (Ac-
 []


Underfull \hbox (badness 4060) in paragraph at lines 1259--1261
[]\T1/phv/m/n/12 Exac Brow-ser Da-ta ^^V Exo-me Ag-gre-ga-tion Con-sor-tium Ava
-ila-ble at:
 []

[49]
Underfull \hbox (badness 10000) in paragraph at lines 1263--1265
[]\T1/phv/m/n/12 Steven N. Hart, Pa-trick Duf-fy et al.^^V VCF-Miner Ava-ila-bl
e at:
 []


Underfull \hbox (badness 1953) in paragraph at lines 1267--1269
[]\T1/phv/m/n/12 Steven N. Hart, Pa-trick Duf-fy et al.^^V VCF-Miner: GUI-based
 ap-pli-ca-
 []


Underfull \hbox (badness 1852) in paragraph at lines 1267--1269
\T1/phv/m/n/12 tion for mi-ning va-riants and an-no-ta-tions sto-red in VCF fi-
les Ava-ila-ble
 []


Underfull \hbox (badness 3895) in paragraph at lines 1267--1269
\T1/phv/m/n/12 at: https://academic.oup.com/bib/article-lookup/doi/10.1093/bib/
bbv051 (Ac-
 []


Underfull \hbox (badness 10000) in paragraph at lines 1271--1273
[]\T1/phv/m/n/12 IGSR ^^V VCF (Va-riant Call For-mat) ver-sion 4.0 Ava-ila-ble 
at:
 []


Underfull \hbox (badness 10000) in paragraph at lines 1271--1273
\T1/phv/m/n/12 http://www.internationalgenome.org/wiki/Analysis/vcf4.0/ (Ac-ces
-sed: 10
 []


Underfull \hbox (badness 1509) in paragraph at lines 1279--1282
\T1/phv/m/n/12 zarzadzania-bazami-danych-sqlite-mysql-postgresql/ (Ac-ces-sed: 
10 Au-gust
 []


Underfull \hbox (badness 10000) in paragraph at lines 1284--1286
[]\T1/phv/m/n/12 Lightbend, Inc ^^V Slick do-cu-men-ta-tion. Ava-ila-ble at:
 []


Underfull \hbox (badness 10000) in paragraph at lines 1288--1290
[]\T1/phv/m/n/12 The Apa-che So-ftwa-re Fo-un-da-tion ^^V Apa-che Ku-du Ava-ila
-ble at:
 []


Underfull \hbox (badness 10000) in paragraph at lines 1292--1294
[]\T1/phv/m/n/12 The Apa-che So-ftwa-re Fo-un-da-tion ^^V Apa-che Im-pa-la Ava-
ila-ble at:
 []


Underfull \hbox (badness 1048) in paragraph at lines 1300--1302
[]\T1/phv/m/n/12 Ecma In-ter-na-tio-nal ^^V EC-MA-Script 2015 Ava-ila-ble at: h
ttps://www.ecma-
 []

[50]
Underfull \hbox (badness 10000) in paragraph at lines 1312--1314
[]\T1/phv/m/n/12 OWASP Top 10 Ap-pli-ca-tion Se-cu-ri-ty Ri-sks 2017 Ava-ila-bl
e at:
 []

LaTeX Font Info:    Font shape `T1/phv/m/n' will be
(Font)              scaled to size 7.59998pt on input line 1316.

Underfull \hbox (badness 10000) in paragraph at lines 1316--1318
[]\T1/phv/m/n/12 Oracle^^V Java$[]$ Plat-form Stan-dard Ed. 8 do-cu-men-ta-tion

 []


Underfull \hbox (badness 10000) in paragraph at lines 1316--1318
\T1/phv/m/n/12 https://docs.oracle.com/javase/8/docs/api/java/sql/PreparedState
ment.html
 []


Underfull \hbox (badness 10000) in paragraph at lines 1324--1326
[]\T1/phv/m/n/12 World Wi-de Web Con-sor-tium ^^V In-de-xedDB Ava-ila-ble at:
 []


Underfull \hbox (badness 3838) in paragraph at lines 1333--1336
[]\T1/phv/m/n/12 Wikimedia Fo-un-da-tion, Inc. ^^V Se-cu-re Hash Al-go-ri-thms 
Ava-ila-ble at:
 []

[51] [52] (./dokument.lof)
\tf@lof=\write4
\openout4 = `dokument.lof'.

 (./dokument.lot [53])
\tf@lot=\write5
\openout5 = `dokument.lot'.

 [54] (./dokument.aux) ) 
Here is how much of TeX's memory you used:
 7845 strings out of 493029
 113523 string characters out of 6136234
 192716 words of memory out of 5000000
 11190 multiletter control sequences out of 15000+600000
 32435 words of font info for 44 fonts, out of 8000000 for 9000
 1141 hyphenation exceptions out of 8191
 38i,18n,43p,395b,427s stack positions out of 5000i,500n,10000p,200000b,80000s
{/usr/share/texmf/fonts/enc/dvips/cm-super/cm-super-t1.
enc}{/usr/share/texlive/texmf-dist/fonts/enc/dvips/base/8r.enc}</usr/share/texl
ive/texmf-dist/fonts/type1/public/amsfonts/cm/cmsy10.pfb></usr/share/texmf/font
s/type1/public/cm-super/sftt1200.pfb></usr/share/texlive/texmf-dist/fonts/type1
/urw/helvetic/uhvb8a.pfb></usr/share/texlive/texmf-dist/fonts/type1/urw/helveti
c/uhvr8a.pfb></usr/share/texlive/texmf-dist/fonts/type1/urw/helvetic/uhvro8a.pf
b>
Output written on dokument.pdf (55 pages, 1463287 bytes).
PDF statistics:
 243 PDF objects out of 1000 (max. 8388607)
 149 compressed objects within 2 object streams
 0 named destinations out of 1000 (max. 500000)
 121 words of extra memory for PDF output out of 10000 (max. 10000000)

